{"/mnt/c/Users/LTUC/401/DS-Algo-401/data-structures-and-algorithms/Data-Structures/linkedList/linked-list.js": {"path":"/mnt/c/Users/LTUC/401/DS-Algo-401/data-structures-and-algorithms/Data-Structures/linkedList/linked-list.js","statementMap":{"0":{"start":{"line":3,"column":13},"end":{"line":3,"column":30}},"1":{"start":{"line":7,"column":8},"end":{"line":7,"column":25}},"2":{"start":{"line":12,"column":8},"end":{"line":14,"column":9}},"3":{"start":{"line":13,"column":12},"end":{"line":13,"column":31}},"4":{"start":{"line":15,"column":22},"end":{"line":15,"column":37}},"5":{"start":{"line":16,"column":8},"end":{"line":16,"column":33}},"6":{"start":{"line":17,"column":8},"end":{"line":17,"column":28}},"7":{"start":{"line":18,"column":8},"end":{"line":18,"column":25}},"8":{"start":{"line":27,"column":22},"end":{"line":27,"column":31}},"9":{"start":{"line":29,"column":8},"end":{"line":31,"column":9}},"10":{"start":{"line":30,"column":12},"end":{"line":30,"column":24}},"11":{"start":{"line":33,"column":8},"end":{"line":36,"column":9}},"12":{"start":{"line":34,"column":12},"end":{"line":34,"column":35}},"13":{"start":{"line":35,"column":12},"end":{"line":35,"column":53}},"14":{"start":{"line":35,"column":41},"end":{"line":35,"column":53}},"15":{"start":{"line":38,"column":8},"end":{"line":38,"column":21}},"16":{"start":{"line":43,"column":8},"end":{"line":43,"column":38}},"17":{"start":{"line":43,"column":24},"end":{"line":43,"column":38}},"18":{"start":{"line":45,"column":26},"end":{"line":45,"column":35}},"19":{"start":{"line":46,"column":21},"end":{"line":46,"column":23}},"20":{"start":{"line":47,"column":8},"end":{"line":50,"column":9}},"21":{"start":{"line":48,"column":12},"end":{"line":48,"column":51}},"22":{"start":{"line":49,"column":12},"end":{"line":49,"column":43}},"23":{"start":{"line":51,"column":8},"end":{"line":51,"column":25}},"24":{"start":{"line":52,"column":8},"end":{"line":52,"column":22}},"25":{"start":{"line":55,"column":0},"end":{"line":55,"column":28}}},"fnMap":{"0":{"name":"(anonymous_0)","decl":{"start":{"line":6,"column":4},"end":{"line":6,"column":5}},"loc":{"start":{"line":6,"column":18},"end":{"line":8,"column":5}},"line":6},"1":{"name":"(anonymous_1)","decl":{"start":{"line":10,"column":4},"end":{"line":10,"column":5}},"loc":{"start":{"line":10,"column":18},"end":{"line":23,"column":5}},"line":10},"2":{"name":"(anonymous_2)","decl":{"start":{"line":25,"column":4},"end":{"line":25,"column":5}},"loc":{"start":{"line":25,"column":20},"end":{"line":39,"column":5}},"line":25},"3":{"name":"(anonymous_3)","decl":{"start":{"line":41,"column":4},"end":{"line":41,"column":5}},"loc":{"start":{"line":41,"column":15},"end":{"line":53,"column":5}},"line":41}},"branchMap":{"0":{"loc":{"start":{"line":12,"column":8},"end":{"line":14,"column":9}},"type":"if","locations":[{"start":{"line":12,"column":8},"end":{"line":14,"column":9}},{"start":{"line":12,"column":8},"end":{"line":14,"column":9}}],"line":12},"1":{"loc":{"start":{"line":29,"column":8},"end":{"line":31,"column":9}},"type":"if","locations":[{"start":{"line":29,"column":8},"end":{"line":31,"column":9}},{"start":{"line":29,"column":8},"end":{"line":31,"column":9}}],"line":29},"2":{"loc":{"start":{"line":35,"column":12},"end":{"line":35,"column":53}},"type":"if","locations":[{"start":{"line":35,"column":12},"end":{"line":35,"column":53}},{"start":{"line":35,"column":12},"end":{"line":35,"column":53}}],"line":35},"3":{"loc":{"start":{"line":43,"column":8},"end":{"line":43,"column":38}},"type":"if","locations":[{"start":{"line":43,"column":8},"end":{"line":43,"column":38}},{"start":{"line":43,"column":8},"end":{"line":43,"column":38}}],"line":43}},"s":{"0":1,"1":1,"2":3,"3":0,"4":3,"5":3,"6":3,"7":3,"8":2,"9":2,"10":0,"11":2,"12":4,"13":4,"14":1,"15":1,"16":1,"17":0,"18":1,"19":1,"20":1,"21":3,"22":3,"23":1,"24":1,"25":1},"f":{"0":1,"1":3,"2":2,"3":1},"b":{"0":[0,3],"1":[0,2],"2":[1,3],"3":[0,1]},"_coverageSchema":"1a1c01bbd47fc00a2c39e90264f33305004495a9","hash":"67e99371d85239592ce18491d483eadcd5664151"}
,"/mnt/c/Users/LTUC/401/DS-Algo-401/data-structures-and-algorithms/Data-Structures/linkedList/node.js": {"path":"/mnt/c/Users/LTUC/401/DS-Algo-401/data-structures-and-algorithms/Data-Structures/linkedList/node.js","statementMap":{"0":{"start":{"line":5,"column":4},"end":{"line":5,"column":23}},"1":{"start":{"line":6,"column":4},"end":{"line":6,"column":21}},"2":{"start":{"line":10,"column":0},"end":{"line":10,"column":22}}},"fnMap":{"0":{"name":"(anonymous_0)","decl":{"start":{"line":4,"column":2},"end":{"line":4,"column":3}},"loc":{"start":{"line":4,"column":20},"end":{"line":7,"column":3}},"line":4}},"branchMap":{},"s":{"0":4,"1":4,"2":2},"f":{"0":4},"b":{},"_coverageSchema":"1a1c01bbd47fc00a2c39e90264f33305004495a9","hash":"cb15e05eed85c0fe530364fdf57601f1f321dd40"}
}
