TN:
SF:linkedList/linked-list.js
FN:6,(anonymous_0)
FN:10,(anonymous_1)
FN:25,(anonymous_2)
FN:41,(anonymous_3)
FNF:4
FNH:4
FNDA:1,(anonymous_0)
FNDA:3,(anonymous_1)
FNDA:2,(anonymous_2)
FNDA:1,(anonymous_3)
DA:3,1
DA:7,1
DA:12,3
DA:13,0
DA:15,3
DA:16,3
DA:17,3
DA:18,3
DA:27,2
DA:29,2
DA:30,0
DA:33,2
DA:34,4
DA:35,4
DA:38,1
DA:43,1
DA:45,1
DA:46,1
DA:47,1
DA:48,3
DA:49,3
DA:51,1
DA:52,1
DA:55,1
LF:24
LH:22
BRDA:12,0,0,0
BRDA:12,0,1,3
BRDA:29,1,0,0
BRDA:29,1,1,2
BRDA:35,2,0,1
BRDA:35,2,1,3
BRDA:43,3,0,0
BRDA:43,3,1,1
BRF:8
BRH:5
end_of_record
TN:
SF:linkedList/node.js
FN:4,(anonymous_0)
FNF:1
FNH:1
FNDA:4,(anonymous_0)
DA:5,4
DA:6,4
DA:10,2
LF:3
LH:3
BRF:0
BRH:0
end_of_record
